<?xml version="1.0" encoding="UTF-8"?>
<!-- Generated by org.testng.reporters.JUnitXMLReporter -->
<testsuite ignored="0" hostname="LAPTOP-93CIBO5F" failures="3" tests="8" name="EdgeTest" time="112.688" errors="0" timestamp="2024-06-04T19:05:12 IST">
  <testcase classname="actionsteps.Driver" name="TC_001_Run" time="0.35"/>
  <testcase classname="actionsteps.Driver" name="TC_002_Run" time="6.214"/>
  <testcase classname="actionsteps.Driver" name="TC_002_Run" time="9.753"/>
  <testcase classname="actionsteps.Driver" name="TC_002_Run" time="66.816">
    <failure type="org.openqa.selenium.NoSuchElementException" message="no such element: Unable to locate element: {&amp;quot;method&amp;quot;:&amp;quot;css selector&amp;quot;,&amp;quot;selector&amp;quot;:&amp;quot;span[class=&amp;apos;job-desc ni-job-tuple-icon ni-job-tuple-icon-srp-description&amp;apos;]&amp;quot;}
  (Session info: MicrosoftEdge=125.0.2535.79)
For documentation on this error, please visit: https://www.selenium.dev/documentation/webdriver/troubleshooting/errors#no-such-element-exception
Build info: version: &amp;apos;4.20.0&amp;apos;, revision: &amp;apos;866c76ca80&amp;apos;
System info: os.name: &amp;apos;Windows 10&amp;apos;, os.arch: &amp;apos;amd64&amp;apos;, os.version: &amp;apos;10.0&amp;apos;, java.version: &amp;apos;15.0.1&amp;apos;
Driver info: org.openqa.selenium.edge.EdgeDriver
Command: [a94dde88afe36f314693c7d17f4ef1e1, findChildElement {using=css selector, value=span[class=&amp;apos;job-desc ni-job-tuple-icon ni-job-tuple-icon-srp-description&amp;apos;], id=f.7C672F4DCDF765CC7D765ABB100A481A.d.F0E95CEEBFFB4C9EC8971CE24232BFF0.e.624}]
Capabilities {acceptInsecureCerts: false, browserName: MicrosoftEdge, browserVersion: 125.0.2535.79, fedcm:accounts: true, ms:edgeOptions: {debuggerAddress: localhost:60238}, msedge: {msedgedriverVersion: 125.0.2535.79 (7e3dd970e483..., userDataDir: C:\Users\KEDARD~1\AppData\L...}, networkConnectionEnabled: false, pageLoadStrategy: normal, platformName: windows, proxy: Proxy(), se:cdp: ws://localhost:60238/devtoo..., se:cdpVersion: 125.0.2535.79, setWindowRect: true, strictFileInteractability: false, timeouts: {implicit: 0, pageLoad: 300000, script: 30000}, unhandledPromptBehavior: dismiss and notify, webauthn:extension:credBlob: true, webauthn:extension:largeBlob: true, webauthn:extension:minPinLength: true, webauthn:extension:prf: true, webauthn:virtualAuthenticators: true}
Session ID: a94dde88afe36f314693c7d17f4ef1e1">
      <![CDATA[org.openqa.selenium.NoSuchElementException: no such element: Unable to locate element: {"method":"css selector","selector":"span[class='job-desc ni-job-tuple-icon ni-job-tuple-icon-srp-description']"}
  (Session info: MicrosoftEdge=125.0.2535.79)
For documentation on this error, please visit: https://www.selenium.dev/documentation/webdriver/troubleshooting/errors#no-such-element-exception
Build info: version: '4.20.0', revision: '866c76ca80'
System info: os.name: 'Windows 10', os.arch: 'amd64', os.version: '10.0', java.version: '15.0.1'
Driver info: org.openqa.selenium.edge.EdgeDriver
Command: [a94dde88afe36f314693c7d17f4ef1e1, findChildElement {using=css selector, value=span[class='job-desc ni-job-tuple-icon ni-job-tuple-icon-srp-description'], id=f.7C672F4DCDF765CC7D765ABB100A481A.d.F0E95CEEBFFB4C9EC8971CE24232BFF0.e.624}]
Capabilities {acceptInsecureCerts: false, browserName: MicrosoftEdge, browserVersion: 125.0.2535.79, fedcm:accounts: true, ms:edgeOptions: {debuggerAddress: localhost:60238}, msedge: {msedgedriverVersion: 125.0.2535.79 (7e3dd970e483..., userDataDir: C:\Users\KEDARD~1\AppData\L...}, networkConnectionEnabled: false, pageLoadStrategy: normal, platformName: windows, proxy: Proxy(), se:cdp: ws://localhost:60238/devtoo..., se:cdpVersion: 125.0.2535.79, setWindowRect: true, strictFileInteractability: false, timeouts: {implicit: 0, pageLoad: 300000, script: 30000}, unhandledPromptBehavior: dismiss and notify, webauthn:extension:credBlob: true, webauthn:extension:largeBlob: true, webauthn:extension:minPinLength: true, webauthn:extension:prf: true, webauthn:virtualAuthenticators: true}
Session ID: a94dde88afe36f314693c7d17f4ef1e1
at org.openqa.selenium.remote.ErrorCodec.decode(ErrorCodec.java:167)
at org.openqa.selenium.remote.codec.w3c.W3CHttpResponseCodec.decode(W3CHttpResponseCodec.java:138)
at org.openqa.selenium.remote.codec.w3c.W3CHttpResponseCodec.decode(W3CHttpResponseCodec.java:50)
at org.openqa.selenium.remote.HttpCommandExecutor.execute(HttpCommandExecutor.java:190)
at org.openqa.selenium.remote.service.DriverCommandExecutor.invokeExecute(DriverCommandExecutor.java:216)
at org.openqa.selenium.remote.service.DriverCommandExecutor.execute(DriverCommandExecutor.java:174)
at org.openqa.selenium.remote.RemoteWebDriver.execute(RemoteWebDriver.java:518)
at org.openqa.selenium.remote.ElementLocation$ElementFinder$2.findElement(ElementLocation.java:165)
at org.openqa.selenium.remote.ElementLocation.findElement(ElementLocation.java:59)
at org.openqa.selenium.remote.RemoteWebDriver.findElement(RemoteWebDriver.java:355)
at org.openqa.selenium.remote.RemoteWebElement.findElement(RemoteWebElement.java:211)
at testcases.TC_002.Launch_NDC_SearchJobs(TC_002.java:56)
at actionsteps.Driver.TC_002_Run(Driver.java:25)
at java.base/java.util.ArrayList.forEach(ArrayList.java:1511)
... Removed 36 stack frames]]>
    </failure>
  </testcase> <!-- TC_002_Run -->
  <testcase classname="actionsteps.Driver" name="TC_002_Run" time="11.351">
    <failure type="java.lang.AssertionError" message="The following asserts failed:
	expected [true] but found [false]">
      <![CDATA[java.lang.AssertionError: The following asserts failed:
expected [true] but found [false]
at reusables.GlobalFunctions.FlushAssert(GlobalFunctions.java:353)
at testcases.TC_002.Launch_NDC_SearchJobs(TC_002.java:105)
at actionsteps.Driver.TC_002_Run(Driver.java:25)
at java.base/java.util.ArrayList.forEach(ArrayList.java:1511)
... Removed 33 stack frames]]>
    </failure>
  </testcase> <!-- TC_002_Run -->
  <testcase classname="actionsteps.Driver" name="TC_002_Run" time="9.746">
    <failure type="java.lang.AssertionError" message="The following asserts failed:
	expected [true] but found [false],
	expected [true] but found [false]">
      <![CDATA[java.lang.AssertionError: The following asserts failed:
expected [true] but found [false],
expected [true] but found [false]
at reusables.GlobalFunctions.FlushAssert(GlobalFunctions.java:353)
at testcases.TC_002.Launch_NDC_SearchJobs(TC_002.java:105)
at actionsteps.Driver.TC_002_Run(Driver.java:25)
at java.base/java.util.ArrayList.forEach(ArrayList.java:1511)
... Removed 33 stack frames]]>
    </failure>
  </testcase> <!-- TC_002_Run -->
  <testcase classname="actionsteps.Driver" name="TC_003_Run" time="0.0">
    <skipped/>
  </testcase> <!-- TC_003_Run -->
  <testcase classname="actionsteps.Driver" name="TC_004_Run" time="0.0">
    <skipped/>
  </testcase> <!-- TC_004_Run -->
</testsuite> <!-- EdgeTest -->
