<!DOCTYPE html PUBLIC "-//W3C//DTD XHTML 1.1//EN" "https://www.w3.org/TR/xhtml11/DTD/xhtml11.dtd">
<html xmlns="https://www.w3.org/1999/xhtml">
<head>
<meta http-equiv="content-type" content="text/html; charset=UTF-8"/>
<title>TestNG Report</title>
<style type="text/css">table {margin-bottom:10px;border-collapse:collapse;empty-cells:show}th,td {border:1px solid #009;padding:.25em .5em}th {vertical-align:bottom}td {vertical-align:top}table a {font-weight:bold}.stripe td {background-color: #E6EBF9}.num {text-align:right}.passedodd td {background-color: #3F3}.passedeven td {background-color: #0A0}.skippedodd td {background-color: #DDD}.skippedeven td {background-color: #CCC}.failedodd td,.attn {background-color: #F33}.failedeven td,.stripe .attn {background-color: #D00}.stacktrace {white-space:pre;font-family:monospace}.totop {font-size:85%;text-align:center;border-bottom:2px solid #000}.invisible {display:none}</style>
</head>
<body>
<table>
<tr><th>Test</th><th># Passed</th><th># Skipped</th><th># Retried</th><th># Failed</th><th>Time (ms)</th><th>Included Groups</th><th>Excluded Groups</th></tr>
<tr><th colspan="8">Suite</th></tr>
<tr><td><a href="#t0">EdgeTest</a></td><td class="num">3</td><td class="num attn">2</td><td class="num">0</td><td class="num attn">3</td><td class="num">112,688</td><td>regression</td><td>UAT</td></tr>
</table>
<table id='summary'><thead><tr><th>Class</th><th>Method</th><th>Start</th><th>Time (ms)</th></tr></thead><tbody><tr><th colspan="4">Suite</th></tr></tbody><tbody id="t0"><tr><th colspan="4">EdgeTest &#8212; failed</th></tr><tr class="failedeven"><td rowspan="3">actionsteps.Driver</td><td><a href="#m0">TC_002_Run</a></td><td rowspan="3">1717508099493</td><td rowspan="3">9746</td></tr><tr class="failedeven"><td><a href="#m1">TC_002_Run</a></td></tr><tr class="failedeven"><td><a href="#m2">TC_002_Run</a></td></tr><tr><th colspan="4">EdgeTest &#8212; skipped</th></tr><tr class="skippedeven"><td rowspan="2">actionsteps.Driver</td><td><a href="#m3">TC_003_Run</a></td><td rowspan="1">1717508109449</td><td rowspan="1">0</td></tr><tr class="skippedeven"><td><a href="#m4">TC_004_Run</a></td><td rowspan="1">1717508109840</td><td rowspan="1">0</td></tr><tr><th colspan="4">EdgeTest &#8212; passed</th></tr><tr class="passedeven"><td rowspan="3">actionsteps.Driver</td><td><a href="#m5">TC_001_Run</a></td><td rowspan="1">1717508004039</td><td rowspan="1">350</td></tr><tr class="passedeven"><td><a href="#m6">TC_002_Run</a></td><td rowspan="2">1717508004605</td><td rowspan="2">6214</td></tr><tr class="passedeven"><td><a href="#m7">TC_002_Run</a></td></tr></tbody>
</table>
<h2>EdgeTest</h2><h3 id="m0">actionsteps.Driver#TC_002_Run</h3><table class="result"><tr class="param"><th>Parameter #1</th><th>Parameter #2</th></tr><tr class="param stripe"><td>pharmacist</td><td>Pune</td></tr><tr><th colspan="2">Messages</th></tr><tr><td colspan="2"><div class="messages">Info --> Test Start : TC_002_Run<br/>Passed --> Website nakridotcom launched successfully<br/>Info --> Job Search For : pharmacist Pune<br/>Info --> Job Results For pharmacist Pune<br/>Failed --> Test Failed : TC_002_Run</div></td></tr><tr><th colspan="2">Exception</th></tr><tr><td colspan="2"><div class="stacktrace">java.lang.AssertionError: The following asserts failed:
	expected [true] but found [false],
	expected [true] but found [false]
	at reusables.GlobalFunctions.FlushAssert(GlobalFunctions.java:353)
	at testcases.TC_002.Launch_NDC_SearchJobs(TC_002.java:105)
	at actionsteps.Driver.TC_002_Run(Driver.java:25)
	at java.base/java.util.ArrayList.forEach(ArrayList.java:1511)
... Removed 33 stack frames</div></td></tr></table><p class="totop"><a href="#summary">back to summary</a></p>
<h3 id="m1">actionsteps.Driver#TC_002_Run</h3><table class="result"><tr class="param"><th>Parameter #1</th><th>Parameter #2</th></tr><tr class="param stripe"><td>arts</td><td>Pune</td></tr><tr><th colspan="2">Messages</th></tr><tr><td colspan="2"><div class="messages">Info --> Test Start : TC_002_Run<br/>Passed --> Website nakridotcom launched successfully<br/>Info --> Job Search For : arts Pune<br/>Failed --> Test Failed : TC_002_Run</div></td></tr><tr><th colspan="2">Exception</th></tr><tr><td colspan="2"><div class="stacktrace">org.openqa.selenium.NoSuchElementException: no such element: Unable to locate element: {&quot;method&quot;:&quot;css selector&quot;,&quot;selector&quot;:&quot;span[class=&apos;job-desc ni-job-tuple-icon ni-job-tuple-icon-srp-description&apos;]&quot;}
  (Session info: MicrosoftEdge=125.0.2535.79)
For documentation on this error, please visit: https://www.selenium.dev/documentation/webdriver/troubleshooting/errors#no-such-element-exception
Build info: version: &apos;4.20.0&apos;, revision: &apos;866c76ca80&apos;
System info: os.name: &apos;Windows 10&apos;, os.arch: &apos;amd64&apos;, os.version: &apos;10.0&apos;, java.version: &apos;15.0.1&apos;
Driver info: org.openqa.selenium.edge.EdgeDriver
Command: [a94dde88afe36f314693c7d17f4ef1e1, findChildElement {using=css selector, value=span[class=&apos;job-desc ni-job-tuple-icon ni-job-tuple-icon-srp-description&apos;], id=f.7C672F4DCDF765CC7D765ABB100A481A.d.F0E95CEEBFFB4C9EC8971CE24232BFF0.e.624}]
Capabilities {acceptInsecureCerts: false, browserName: MicrosoftEdge, browserVersion: 125.0.2535.79, fedcm:accounts: true, ms:edgeOptions: {debuggerAddress: localhost:60238}, msedge: {msedgedriverVersion: 125.0.2535.79 (7e3dd970e483..., userDataDir: C:\Users\KEDARD~1\AppData\L...}, networkConnectionEnabled: false, pageLoadStrategy: normal, platformName: windows, proxy: Proxy(), se:cdp: ws://localhost:60238/devtoo..., se:cdpVersion: 125.0.2535.79, setWindowRect: true, strictFileInteractability: false, timeouts: {implicit: 0, pageLoad: 300000, script: 30000}, unhandledPromptBehavior: dismiss and notify, webauthn:extension:credBlob: true, webauthn:extension:largeBlob: true, webauthn:extension:minPinLength: true, webauthn:extension:prf: true, webauthn:virtualAuthenticators: true}
Session ID: a94dde88afe36f314693c7d17f4ef1e1
	at org.openqa.selenium.remote.ErrorCodec.decode(ErrorCodec.java:167)
	at org.openqa.selenium.remote.codec.w3c.W3CHttpResponseCodec.decode(W3CHttpResponseCodec.java:138)
	at org.openqa.selenium.remote.codec.w3c.W3CHttpResponseCodec.decode(W3CHttpResponseCodec.java:50)
	at org.openqa.selenium.remote.HttpCommandExecutor.execute(HttpCommandExecutor.java:190)
	at org.openqa.selenium.remote.service.DriverCommandExecutor.invokeExecute(DriverCommandExecutor.java:216)
	at org.openqa.selenium.remote.service.DriverCommandExecutor.execute(DriverCommandExecutor.java:174)
	at org.openqa.selenium.remote.RemoteWebDriver.execute(RemoteWebDriver.java:518)
	at org.openqa.selenium.remote.ElementLocation$ElementFinder$2.findElement(ElementLocation.java:165)
	at org.openqa.selenium.remote.ElementLocation.findElement(ElementLocation.java:59)
	at org.openqa.selenium.remote.RemoteWebDriver.findElement(RemoteWebDriver.java:355)
	at org.openqa.selenium.remote.RemoteWebElement.findElement(RemoteWebElement.java:211)
	at testcases.TC_002.Launch_NDC_SearchJobs(TC_002.java:56)
	at actionsteps.Driver.TC_002_Run(Driver.java:25)
	at java.base/java.util.ArrayList.forEach(ArrayList.java:1511)
... Removed 36 stack frames</div></td></tr></table><p class="totop"><a href="#summary">back to summary</a></p>
<h3 id="m2">actionsteps.Driver#TC_002_Run</h3><table class="result"><tr class="param"><th>Parameter #1</th><th>Parameter #2</th></tr><tr class="param stripe"><td>selenium testing</td><td>Pune</td></tr><tr><th colspan="2">Messages</th></tr><tr><td colspan="2"><div class="messages">Info --> Test Start : TC_002_Run<br/>Passed --> Website nakridotcom launched successfully<br/>Info --> Job Search For : selenium testing Pune<br/>Info --> Job Results For selenium testing Pune<br/>Failed --> Test Failed : TC_002_Run</div></td></tr><tr><th colspan="2">Exception</th></tr><tr><td colspan="2"><div class="stacktrace">java.lang.AssertionError: The following asserts failed:
	expected [true] but found [false]
	at reusables.GlobalFunctions.FlushAssert(GlobalFunctions.java:353)
	at testcases.TC_002.Launch_NDC_SearchJobs(TC_002.java:105)
	at actionsteps.Driver.TC_002_Run(Driver.java:25)
	at java.base/java.util.ArrayList.forEach(ArrayList.java:1511)
... Removed 33 stack frames</div></td></tr></table><p class="totop"><a href="#summary">back to summary</a></p>
<h3 id="m3">actionsteps.Driver#TC_003_Run</h3><table class="result"><tr><th>Messages</th></tr><tr><td><div class="messages">Warning --> Test Skipped : TC_003_Run<br/>Info --> Test Start : TC_004_Run</div></td></tr><tr><th>Exception</th></tr><tr><td><div class="stacktrace">java.lang.Throwable: Method actionsteps.Driver.TC_003_Run() on instance actionsteps.Driver@10aa41f2 depends on not successfully finished methods 
[actionsteps.Driver.TC_001_Run() on instance actionsteps.Driver@10aa41f2
actionsteps.Driver.TC_002_Run() on instance actionsteps.Driver@10aa41f2]
	at java.base/java.util.ArrayList.forEach(ArrayList.java:1511)
... Removed 22 stack frames</div></td></tr></table><p class="totop"><a href="#summary">back to summary</a></p>
<h3 id="m4">actionsteps.Driver#TC_004_Run</h3><table class="result"><tr><th>Messages</th></tr><tr><td><div class="messages">Warning --> Test Skipped : TC_004_Run</div></td></tr><tr><th>Exception</th></tr><tr><td><div class="stacktrace">java.lang.Throwable: Method actionsteps.Driver.TC_004_Run() on instance actionsteps.Driver@10aa41f2 depends on not successfully finished methods 
[actionsteps.Driver.TC_001_Run() on instance actionsteps.Driver@10aa41f2
actionsteps.Driver.TC_002_Run() on instance actionsteps.Driver@10aa41f2
actionsteps.Driver.TC_003_Run() on instance actionsteps.Driver@10aa41f2]
	at java.base/java.util.ArrayList.forEach(ArrayList.java:1511)
... Removed 22 stack frames</div></td></tr></table><p class="totop"><a href="#summary">back to summary</a></p>
<h3 id="m5">actionsteps.Driver#TC_001_Run</h3><table class="result"><tr><th>Messages</th></tr><tr><td><div class="messages">Info --> Test Start : TC_001_Run<br/>Passed --> Input Jobs Read Successfully<br/>Passed --> Test Success : TC_001_Run</div></td></tr></table><p class="totop"><a href="#summary">back to summary</a></p>
<h3 id="m6">actionsteps.Driver#TC_002_Run</h3><table class="result"><tr class="param"><th>Parameter #1</th><th>Parameter #2</th></tr><tr class="param stripe"><td>uft automation</td><td>Pune</td></tr><tr><th colspan="2">Messages</th></tr><tr><td colspan="2"><div class="messages">Info --> Test Start : TC_002_Run<br/>Passed --> Website nakridotcom launched successfully<br/>Info --> Job Search For : uft automation Pune<br/>Info --> Job Results For uft automation Pune<br/>Passed --> Test Success : TC_002_Run</div></td></tr></table><p class="totop"><a href="#summary">back to summary</a></p>
<h3 id="m7">actionsteps.Driver#TC_002_Run</h3><table class="result"><tr class="param"><th>Parameter #1</th><th>Parameter #2</th></tr><tr class="param stripe"><td>insurance</td><td>Mumbai</td></tr><tr><th colspan="2">Messages</th></tr><tr><td colspan="2"><div class="messages">Info --> Test Start : TC_002_Run<br/>Passed --> Website nakridotcom launched successfully<br/>Info --> Job Search For : insurance Mumbai<br/>Info --> Job Results For insurance Mumbai<br/>Passed --> Test Success : TC_002_Run</div></td></tr></table><p class="totop"><a href="#summary">back to summary</a></p>
</body>
</html>
